#
# There is insufficient memory for the Java Runtime Environment to continue.
# Native memory allocation (malloc) failed to allocate 1048576 bytes for AllocateHeap
# Possible reasons:
#   The system is out of physical RAM or swap space
#   The process is running with CompressedOops enabled, and the Java Heap may be blocking the growth of the native heap
# Possible solutions:
#   Reduce memory load on the system
#   Increase physical memory or swap space
#   Check if swap backing store is full
#   Decrease Java heap size (-Xmx/-Xms)
#   Decrease number of Java threads
#   Decrease Java thread stack sizes (-Xss)
#   Set larger code cache with -XX:ReservedCodeCacheSize=
#   JVM is running with Unscaled Compressed Oops mode in which the Java heap is
#     placed in the first 4GB address space. The Java Heap base address is the
#     maximum limit for the native heap growth. Please use -XX:HeapBaseMinAddress
#     to set the Java Heap base and to place the Java Heap above 4GB virtual address.
# This output file may be truncated or incomplete.
#
#  Out of Memory Error (memory/allocation.inline.hpp:61), pid=7152, tid=0x00000000000018d8
#
# JRE version:  (8.0_261-b12) (build )
# Java VM: Java HotSpot(TM) 64-Bit Server VM (25.261-b12 mixed mode windows-amd64 compressed oops)
# Failed to write core dump. Minidumps are not enabled by default on client versions of Windows
#

---------------  T H R E A D  ---------------

Current thread (0x000001ca2535c800):  JavaThread "Unknown thread" [_thread_in_vm, id=6360, stack(0x000000b0feb00000,0x000000b0fec00000)]

Stack: [0x000000b0feb00000,0x000000b0fec00000]
Native frames: (J=compiled Java code, j=interpreted, Vv=VM code, C=native code)
V  [jvm.dll+0x33e5f9]
V  [jvm.dll+0x2850e2]
V  [jvm.dll+0x285d8d]
V  [jvm.dll+0x27c895]
V  [jvm.dll+0x1565d]
V  [jvm.dll+0x3d9117]
V  [jvm.dll+0x3d5557]
V  [jvm.dll+0x10c61f]
V  [jvm.dll+0x21a00b]
V  [jvm.dll+0x248687]
V  [jvm.dll+0x172116]
C  [java.exe+0x2312]
C  [java.exe+0x15f64]
C  [KERNEL32.DLL+0x17bd4]
C  [ntdll.dll+0x6ce51]


---------------  P R O C E S S  ---------------

Java Threads: ( => current thread )

Other Threads:

=>0x000001ca2535c800 (exited) JavaThread "Unknown thread" [_thread_in_vm, id=6360, stack(0x000000b0feb00000,0x000000b0fec00000)]

VM state:not at safepoint (normal execution)

VM Mutex/Monitor currently owned by a thread: None

heap address: 0x0000000090000000, size: 1792 MB, Compressed Oops mode: 32-bit
Narrow klass base: 0x0000000000000000, Narrow klass shift: 3
Compressed class space size: 1073741824 Address: 0x0000000100000000

Heap:
 PSYoungGen      total 33280K, used 573K [0x00000000dab00000, 0x00000000dd000000, 0x0000000100000000)
  eden space 28672K, 2% used [0x00000000dab00000,0x00000000dab8f5d0,0x00000000dc700000)
  from space 4608K, 0% used [0x00000000dcb80000,0x00000000dcb80000,0x00000000dd000000)
  to   space 4608K, 0% used [0x00000000dc700000,0x00000000dc700000,0x00000000dcb80000)
 ParOldGen       total 76800K, used 0K [0x0000000090000000, 0x0000000094b00000, 0x00000000dab00000)
  object space 76800K, 0% used [0x0000000090000000,0x0000000090000000,0x0000000094b00000)
 Metaspace       used 776K, capacity 4480K, committed 4480K, reserved 1056768K
  class space    used 76K, capacity 384K, committed 384K, reserved 1048576K

Card table byte_map: [0x000001ca35ff0000,0x000001ca36380000] byte_map_base: 0x000001ca35b70000

Marking Bits: (ParMarkBitMap*) 0x000000005fdc4fb0
 Begin Bits: [0x000001ca365e0000, 0x000001ca381e0000)
 End Bits:   [0x000001ca381e0000, 0x000001ca39de0000)

Polling page: 0x000001ca25310000

CodeCache: size=245760Kb used=327Kb max_used=327Kb free=245432Kb
 bounds [0x000001ca26c30000, 0x000001ca26ea0000, 0x000001ca35c30000]
 total_blobs=56 nmethods=0 adapters=38
 compilation: enabled

Compilation events (0 events):
No events

GC Heap History (0 events):
No events

Deoptimization events (0 events):
No events

Classes redefined (0 events):
No events

Internal exceptions (0 events):
No events

Events (10 events):
Event: 0.124 loading class java/lang/Short
Event: 0.124 loading class java/lang/Short done
Event: 0.124 loading class java/lang/Integer
Event: 0.125 loading class java/lang/Integer done
Event: 0.125 loading class java/lang/Long
Event: 0.126 loading class java/lang/Long done
Event: 0.127 loading class java/lang/NullPointerException
Event: 0.127 loading class java/lang/NullPointerException done
Event: 0.127 loading class java/lang/ArithmeticException
Event: 0.127 loading class java/lang/ArithmeticException done


Dynamic libraries:
0x00007ff62fdb0000 - 0x00007ff62fdf7000 	C:\Program Files\Java\jdk1.8.0_261\bin\java.exe
0x00007ff99c860000 - 0x00007ff99ca50000 	C:\Windows\SYSTEM32\ntdll.dll
0x00007ff99b240000 - 0x00007ff99b2f2000 	C:\Windows\System32\KERNEL32.DLL
0x00007ff999960000 - 0x00007ff999c03000 	C:\Windows\System32\KERNELBASE.dll
0x00007ff99bd20000 - 0x00007ff99bdc3000 	C:\Windows\System32\ADVAPI32.dll
0x00007ff99c630000 - 0x00007ff99c6ce000 	C:\Windows\System32\msvcrt.dll
0x00007ff99c730000 - 0x00007ff99c7c7000 	C:\Windows\System32\sechost.dll
0x00007ff99ab30000 - 0x00007ff99ac50000 	C:\Windows\System32\RPCRT4.dll
0x00007ff99adf0000 - 0x00007ff99af84000 	C:\Windows\System32\USER32.dll
0x00007ff999d90000 - 0x00007ff999db1000 	C:\Windows\System32\win32u.dll
0x00007ff99b300000 - 0x00007ff99b326000 	C:\Windows\System32\GDI32.dll
0x00007ff999f90000 - 0x00007ff99a124000 	C:\Windows\System32\gdi32full.dll
0x00007ff999cf0000 - 0x00007ff999d8e000 	C:\Windows\System32\msvcp_win.dll
0x00007ff9997f0000 - 0x00007ff9998ea000 	C:\Windows\System32\ucrtbase.dll
0x00007ff991390000 - 0x00007ff991615000 	C:\Windows\WinSxS\amd64_microsoft.windows.common-controls_6595b64144ccf1df_6.0.18362.778_none_e6c6b761130d4fb8\COMCTL32.dll
0x00007ff99bdd0000 - 0x00007ff99c106000 	C:\Windows\System32\combase.dll
0x00007ff999dc0000 - 0x00007ff999e40000 	C:\Windows\System32\bcryptPrimitives.dll
0x00007ff99c7d0000 - 0x00007ff99c7fe000 	C:\Windows\System32\IMM32.DLL
0x00007ff995580000 - 0x00007ff995595000 	C:\Program Files\Java\jdk1.8.0_261\jre\bin\vcruntime140.dll
0x00007ff990ed0000 - 0x00007ff990f6b000 	C:\Program Files\Java\jdk1.8.0_261\jre\bin\msvcp140.dll
0x000000005f5d0000 - 0x000000005fe3c000 	C:\Program Files\Java\jdk1.8.0_261\jre\bin\server\jvm.dll
0x00007ff99aac0000 - 0x00007ff99aac8000 	C:\Windows\System32\PSAPI.DLL
0x00007ff988a10000 - 0x00007ff988a19000 	C:\Windows\SYSTEM32\WSOCK32.dll
0x00007ff99a910000 - 0x00007ff99a97f000 	C:\Windows\System32\WS2_32.dll
0x00007ff9976e0000 - 0x00007ff997704000 	C:\Windows\SYSTEM32\WINMM.dll
0x00007ff991710000 - 0x00007ff99171a000 	C:\Windows\SYSTEM32\VERSION.dll
0x00007ff9976b0000 - 0x00007ff9976dd000 	C:\Windows\SYSTEM32\WINMMBASE.dll
0x00007ff9998f0000 - 0x00007ff99993a000 	C:\Windows\System32\cfgmgr32.dll
0x00007ff999780000 - 0x00007ff999791000 	C:\Windows\System32\kernel.appcore.dll
0x00007ff993c00000 - 0x00007ff993c10000 	C:\Program Files\Java\jdk1.8.0_261\jre\bin\verify.dll
0x00007ff98d750000 - 0x00007ff98d77b000 	C:\Program Files\Java\jdk1.8.0_261\jre\bin\java.dll
0x00007ff98d460000 - 0x00007ff98d492000 	C:\Program Files\Java\jdk1.8.0_261\jre\bin\instrument.dll
0x00007ff993430000 - 0x00007ff993448000 	C:\Program Files\Java\jdk1.8.0_261\jre\bin\zip.dll
0x00007ff98f900000 - 0x00007ff98faf4000 	C:\Windows\SYSTEM32\dbghelp.dll

VM Arguments:
jvm_args: -javaagent:C:\Program Files\JetBrains\IntelliJ IDEA Community Edition 2019.3.2\lib\idea_rt.jar=52764:C:\Program Files\JetBrains\IntelliJ IDEA Community Edition 2019.3.2\bin -Dfile.encoding=UTF-8 
java_command: by_epam.introduction_to_java.àlgorithmization_2.arrays_of_arrays.task16.Solution
java_class_path (initial): C:\Program Files\Java\jdk1.8.0_261\jre\lib\charsets.jar;C:\Program Files\Java\jdk1.8.0_261\jre\lib\deploy.jar;C:\Program Files\Java\jdk1.8.0_261\jre\lib\ext\access-bridge-64.jar;C:\Program Files\Java\jdk1.8.0_261\jre\lib\ext\cldrdata.jar;C:\Program Files\Java\jdk1.8.0_261\jre\lib\ext\dnsns.jar;C:\Program Files\Java\jdk1.8.0_261\jre\lib\ext\jaccess.jar;C:\Program Files\Java\jdk1.8.0_261\jre\lib\ext\jfxrt.jar;C:\Program Files\Java\jdk1.8.0_261\jre\lib\ext\localedata.jar;C:\Program Files\Java\jdk1.8.0_261\jre\lib\ext\nashorn.jar;C:\Program Files\Java\jdk1.8.0_261\jre\lib\ext\sunec.jar;C:\Program Files\Java\jdk1.8.0_261\jre\lib\ext\sunjce_provider.jar;C:\Program Files\Java\jdk1.8.0_261\jre\lib\ext\sunmscapi.jar;C:\Program Files\Java\jdk1.8.0_261\jre\lib\ext\sunpkcs11.jar;C:\Program Files\Java\jdk1.8.0_261\jre\lib\ext\zipfs.jar;C:\Program Files\Java\jdk1.8.0_261\jre\lib\javaws.jar;C:\Program Files\Java\jdk1.8.0_261\jre\lib\jce.jar;C:\Program Files\Java\jdk1.8.0_261\jre\lib\jfr.jar;C:\Program Files\Java\jdk1.8.0_261\jre\lib\jfxswt.jar;C:\Program Files\Java\jdk1.8.0_261\jre\lib\jsse.jar;C:\Program Files\Java\jdk1.8.0_261\jre\lib\management-agent.jar;C:\Program Files\Java\jdk1.8.0_261\jre\lib\plugin.jar;C:\Program Files\Java\jdk1.8.0_261\jre\lib\resources.jar;C:\Program Files\Java\jdk1.8.0_261\jre\lib\rt.jar;G:\Programming\Work\StudyJava\out\production\StudyJava;C:\Users\Admin\.m2\repository\junit\junit\4.12\junit-4.12.jar;C:\Users\Admin\.m2\repository\org\hamcrest\hamcrest-core\1.3\hamcrest-core-1.3.jar;G:\Programming\Work\libraries\jackson-databind-2.11.2.jar;G:\Programming\Work\libraries\jackson-core-2.11.2.jar;G:\Programming\Work\libraries\jackson-annotations-2.11.2.jar;G:\Programming\Work\StudyJava\lib\log4j-1.2.17.jar;G:\Programming\Work\StudyJava\lib\slf4j-simple-1.6.2.jar;G:\Programming\Work\StudyJava\lib\slf4j-api-1.6.2.jar;G:\Programming\Work\StudyJava\lib\guava-19.0.0.jar;G:\Programming\Work\StudyJava\lib\commons-collections4-4.0.jar;
Launcher Type: SUN_STANDARD

Environment Variables:
JAVA_HOME=C:\Program Files\Java\jdk-13.0.2
PATH=C:\Program Files (x86)\Common Files\Oracle\Java\javapath;C:\Windows\system32;C:\Windows;C:\Windows\System32\Wbem;C:\Windows\System32\WindowsPowerShell\v1.0\;C:\Program Files\Java\jdk-13.0.2\bin;C:\Program Files\Git\cmd;C:\Program Files\PuTTY\;C:\Users\Admin\AppData\Local\Microsoft\WindowsApps;C:\Users\Admin\AppData\Local\GitHubDesktop\bin;C:\Program Files\Java\jdk-13.0.2\bin;
USERNAME=Admin
OS=Windows_NT
PROCESSOR_IDENTIFIER=AMD64 Family 15 Model 67 Stepping 3, AuthenticAMD



---------------  S Y S T E M  ---------------

OS: Windows 10.0 , 64 bit Build 18362 (10.0.18362.778)

CPU:total 2 (initial active 2) (2 cores per cpu, 1 threads per core) family 15 model 67 stepping 3, cmov, cx8, fxsr, mmx, sse, sse2, sse3, mmxext, 3dnowpref, tsc

Memory: 4k page, physical 7339572k(493112k free), swap 7339572k(4448k free)

vm_info: Java HotSpot(TM) 64-Bit Server VM (25.261-b12) for windows-amd64 JRE (1.8.0_261-b12), built on Jun 18 2020 06:56:32 by "" with unknown MS VC++:1916

time: Sun Nov  8 20:20:38 2020
timezone: RTZ 2 (ceia)
elapsed time: 0 seconds (0d 0h 0m 0s)

